<?xml version="1.0" encoding="UTF-8"?>
<testsuite xmlns:xsi="http://www.w3.org/2001/XMLSchema-instance" xsi:noNamespaceSchemaLocation="https://maven.apache.org/surefire/maven-surefire-plugin/xsd/surefire-test-report.xsd" name="com.project.MainControllerTest" time="3.252" tests="4" errors="4" skipped="0" failures="0">
  <properties>
[...]
</properties>
  <testcase name="filterMessageTest" classname="com.project.MainControllerTest" time="0.736">
    <error message="The reference to entity &quot;size&quot; must end with the &apos;;&apos; delimiter." type="org.xml.sax.SAXParseException">org.xml.sax.SAXParseException: The reference to entity "size" must end with the ';' delimiter.
	at com.project.MainControllerTest.filterMessageTest(MainControllerTest.java:58)
</error>
    <system-out><![CDATA[
  .   ____          _            __ _ _
 /\\ / ___'_ __ _ _(_)_ __  __ _ \ \ \ \
( ( )\___ | '_ | '_| | '_ \/ _` | \ \ \ \
 \\/  ___)| |_)| | | | | || (_| |  ) ) ) )
  '  |____| .__|_| |_|_| |_\__, | / / / /
 =========|_|==============|___/=/_/_/_/
 :: Spring Boot ::        (v2.3.2.RELEASE)

2020-10-29 20:16:18.002  INFO 19604 --- [           main] com.project.MainControllerTest           : Starting MainControllerTest on DESKTOP-97SSQM9 with PID 19604 (started by dmitr in E:\greenatom\projects\intership\Spring)
2020-10-29 20:16:18.003  INFO 19604 --- [           main] com.project.MainControllerTest           : No active profile set, falling back to default profiles: default
2020-10-29 20:16:18.320  INFO 19604 --- [           main] .s.d.r.c.RepositoryConfigurationDelegate : Bootstrapping Spring Data JPA repositories in DEFERRED mode.
2020-10-29 20:16:18.346  INFO 19604 --- [           main] .s.d.r.c.RepositoryConfigurationDelegate : Finished Spring Data repository scanning in 25ms. Found 2 JPA repository interfaces.
2020-10-29 20:16:18.500  INFO 19604 --- [           main] trationDelegate$BeanPostProcessorChecker : Bean 'org.springframework.security.access.expression.method.DefaultMethodSecurityExpressionHandler@3a20aa12' of type [org.springframework.security.access.expression.method.DefaultMethodSecurityExpressionHandler] is not eligible for getting processed by all BeanPostProcessors (for example: not eligible for auto-proxying)
2020-10-29 20:16:18.509  INFO 19604 --- [           main] trationDelegate$BeanPostProcessorChecker : Bean 'methodSecurityMetadataSource' of type [org.springframework.security.access.method.DelegatingMethodSecurityMetadataSource] is not eligible for getting processed by all BeanPostProcessors (for example: not eligible for auto-proxying)
2020-10-29 20:16:18.582  INFO 19604 --- [           main] com.zaxxer.hikari.HikariDataSource       : HikariPool-2 - Starting...
2020-10-29 20:16:18.628  INFO 19604 --- [           main] com.zaxxer.hikari.HikariDataSource       : HikariPool-2 - Start completed.
2020-10-29 20:16:18.629  INFO 19604 --- [           main] o.f.c.internal.database.DatabaseFactory  : Database: jdbc:postgresql://localhost:5432/tests (PostgreSQL 12.4)
2020-10-29 20:16:18.649  INFO 19604 --- [           main] o.f.core.internal.command.DbValidate     : Successfully validated 5 migrations (execution time 00:00.010s)
2020-10-29 20:16:18.653  INFO 19604 --- [           main] o.f.core.internal.command.DbMigrate      : Current version of schema "public": 5
2020-10-29 20:16:18.654  INFO 19604 --- [           main] o.f.core.internal.command.DbMigrate      : Schema "public" is up to date. No migration necessary.
2020-10-29 20:16:18.693  INFO 19604 --- [           main] o.s.s.concurrent.ThreadPoolTaskExecutor  : Initializing ExecutorService 'applicationTaskExecutor'
2020-10-29 20:16:18.720  INFO 19604 --- [         task-1] o.hibernate.jpa.internal.util.LogHelper  : HHH000204: Processing PersistenceUnitInfo [name: default]
2020-10-29 20:16:18.731  INFO 19604 --- [         task-1] org.hibernate.dialect.Dialect            : HHH000400: Using dialect: org.hibernate.dialect.PostgreSQL10Dialect
2020-10-29 20:16:18.822  WARN 19604 --- [           main] JpaBaseConfiguration$JpaWebConfiguration : spring.jpa.open-in-view is enabled by default. Therefore, database queries may be performed during view rendering. Explicitly configure spring.jpa.open-in-view to disable this warning
2020-10-29 20:16:19.080  INFO 19604 --- [         task-1] o.h.e.t.j.p.i.JtaPlatformInitiator       : HHH000490: Using JtaPlatform implementation: [org.hibernate.engine.transaction.jta.platform.internal.NoJtaPlatform]
2020-10-29 20:16:19.081  INFO 19604 --- [         task-1] j.LocalContainerEntityManagerFactoryBean : Initialized JPA EntityManagerFactory for persistence unit 'default'
2020-10-29 20:16:19.233  INFO 19604 --- [           main] o.s.s.web.DefaultSecurityFilterChain     : Creating filter chain: any request, [org.springframework.security.web.context.request.async.WebAsyncManagerIntegrationFilter@32434325, org.springframework.security.web.context.SecurityContextPersistenceFilter@a24021b6, org.springframework.security.web.header.HeaderWriterFilter@7ad2cd47, org.springframework.security.web.csrf.CsrfFilter@73167bd2, org.springframework.security.web.authentication.logout.LogoutFilter@933d2252, org.springframework.security.web.authentication.UsernamePasswordAuthenticationFilter@78d10c2a, org.springframework.security.web.savedrequest.RequestCacheAwareFilter@67acb6e3, org.springframework.security.web.servletapi.SecurityContextHolderAwareRequestFilter@fbb74817, org.springframework.security.web.authentication.rememberme.RememberMeAuthenticationFilter@d3a9e533, org.springframework.security.web.authentication.AnonymousAuthenticationFilter@9960a65a, org.springframework.security.web.session.SessionManagementFilter@a6ac0bc6, org.springframework.security.web.access.ExceptionTranslationFilter@ea5c79bd, org.springframework.security.web.access.intercept.FilterSecurityInterceptor@621b34cd]
Windows 10
Res location - file:/e://fileCloud/
2020-10-29 20:16:19.978  INFO 19604 --- [           main] o.s.b.t.m.w.SpringBootMockServletContext : Initializing Spring TestDispatcherServlet ''
2020-10-29 20:16:19.978  INFO 19604 --- [           main] o.s.t.web.servlet.TestDispatcherServlet  : Initializing Servlet ''
2020-10-29 20:16:19.991  INFO 19604 --- [           main] o.s.t.web.servlet.TestDispatcherServlet  : Completed initialization in 13 ms
2020-10-29 20:16:20.005  INFO 19604 --- [           main] DeferredRepositoryInitializationListener : Triggering deferred initialization of Spring Data repositories…
2020-10-29 20:16:20.119  INFO 19604 --- [           main] DeferredRepositoryInitializationListener : Spring Data repositories initialized!
2020-10-29 20:16:20.121  INFO 19604 --- [           main] s.a.ScheduledAnnotationBeanPostProcessor : No TaskScheduler/ScheduledExecutorService bean found for scheduled processing
2020-10-29 20:16:20.122  INFO 19604 --- [           main] com.project.MainControllerTest           : Started MainControllerTest in 2.165 seconds (JVM running for 11.729)

MockHttpServletRequest:
      HTTP Method = GET
      Request URI = /main
       Parameters = {filter=[1tag]}
          Headers = []
             Body = null
    Session Attrs = {SPRING_SECURITY_CONTEXT=org.springframework.security.core.context.SecurityContextImpl@1ab1b7e3: Authentication: org.springframework.security.authentication.UsernamePasswordAuthenticationToken@1ab1b7e3: Principal: com.project.domain.User@21; Credentials: [PROTECTED]; Authenticated: true; Details: null; Granted Authorities: USER}

Handler:
             Type = com.project.controller.MainController
           Method = com.project.controller.MainController#main(String, Model, Pageable, User)

Async:
    Async started = false
     Async result = null

Resolved Exception:
             Type = null

ModelAndView:
        View name = main
             View = null
        Attribute = filter
            value = 1tag
        Attribute = page
            value = Page 1 of 1 containing com.project.domain.dto.MessageDto instances
           errors = []
        Attribute = url
            value = /main

FlashMap:
       Attributes = null

MockHttpServletResponse:
           Status = 200
    Error message = null
          Headers = [Turbolinks-Location:"/main?", Content-Language:"en", Content-Type:"text/html;charset=UTF-8", X-Content-Type-Options:"nosniff", X-XSS-Protection:"1; mode=block", Cache-Control:"no-cache, no-store, max-age=0, must-revalidate", Pragma:"no-cache", Expires:"0", X-Frame-Options:"DENY", Set-Cookie:"SESSION=NDU0MGE1OTktOTFiMS00ZTU2LWI1MzMtYWQ1YzE3NjNiZmE5; Path=/; HttpOnly; SameSite=Lax"]
     Content type = text/html;charset=UTF-8
             Body = <!DOCTYPE html>
<html xmlns="http://www.w3.org/1999/xhtml">
<head>
    <meta charset="UTF-8"/>
    <title>:)</title>

    <meta name="viewport" content="width=device-width, initial-scale=1, shrink-to-fit=no"/>
    <!-- Bootstrap CSS -->
    <link rel="stylesheet" href="https://stackpath.bootstrapcdn.com/bootstrap/4.1.3/css/bootstrap.min.css" integrity="sha384-MCw98/SFnGE8fJT3GXwEOngsV7Zt27NXFoaoApmYm81iuXoPkFOJwJ8ERdknLPMO" crossorigin="anonymous"/>
    <link rel="stylesheet" type="text/css" href="/static/styles.css"/>
    <script src="https://kit.fontawesome.com/6a1a309e0d.js" crossorigin="anonymous"></script>
    <script src="https://cdnjs.cloudflare.com/ajax/libs/turbolinks/5.2.0/turbolinks.js" integrity="sha512-G3jAqT2eM4MMkLMyQR5YBhvN5/Da3IG6kqgYqU9zlIH4+2a+GuMdLb5Kpxy6ItMdCfgaKlo2XFhI0dHtMJjoRw==" crossorigin="anonymous"></script>


    <script  defer="defer" src="https://code.jquery.com/jquery-3.3.1.slim.min.js" integrity="sha384-q8i/X+965DzO0rT7abK41JStQIAqVgRVzpbzo5smXKp4YfRvH+8abtTE1Pi6jizo" crossorigin="anonymous"></script>
    <script  defer="defer" src="https://cdnjs.cloudflare.com/ajax/libs/popper.js/1.14.3/umd/popper.min.js" integrity="sha384-ZMP7rVo3mIykV+2+9J3UJ46jBk0WLaUAdn689aCwoqbBJiSnjAK/l8WvCWPIPm49" crossorigin="anonymous"></script>

</head>
<body>
<nav class="navbar navbar-expand-lg navbar-light bg-light">
    <div class="navbar-brand">Tawee</div>
    <button class="navbar-toggler" type="button" data-toggle="collapse" data-target="#navbarSupportedContent" aria-controls="navbarSupportedContent" aria-expanded="false" aria-label="Toggle navigation">
        <span class="navbar-toggler-icon"></span>
    </button>

    <div class="collapse navbar-collapse" id="navbarSupportedContent">
        <ul class="navbar-nav mr-auto">
            <li class="nav-item">
                <a class="nav-link" href="/">Home</a>
            </li>
            <li class="nav-item">
                <a class="nav-link" href="/main">Messages</a>
            </li>
                <li class="nav-item">
                    <a class="nav-link" href="/user/profile">Profile</a>
                </li>
                <li class="nav-item">
                    <a class="nav-link" href="/user-messages/2">My messages</a>
                </li>
        </ul>
    <form action="/logout" method="post">
        <input type="hidden" name="_csrf" value="e67f21de-b9c2-4580-9c09-2ceafe886cbb"/>
        <button class="btn btn-primary mr-3" type="submit">Sign out</button>
    </form>
        <div class="navbar-text">test</div>
    </div>
</nav>    <div class="container mt-5">
    <div class="form-row">
        <div class="form-group col-md-6">
            <form class="form-inline" method="get" action="/main">
                <label>
                    <input class="form-control" type="text" name="filter" placeholder="Search by tag" value="1tag"/>
                </label>
                <button class="btn btn-outline-primary ml-3" type="submit">Search</button>
            </form>
        </div>
    </div>

    <a class="btn btn-primary" data-toggle="collapse" href="#collapseExample" role="button" aria-expanded="false" aria-controls="collapseExample">
        Message editor
    </a>
    <div class="collapse " id="collapseExample">
        <div class="form-group mt-3">
            <form method="post" enctype="multipart/form-data" >
                <input type="hidden" name="_csrf" value="e67f21de-b9c2-4580-9c09-2ceafe886cbb"/>
                <input type="hidden" name="id" value="-1"/>
                <div class="form-group">
                    <input class="form-control "
                           value=""
                           type="text" name="text" placeholder="Write your message"/>
                </div>
                <div class="form-group">
                    <input class="form-control "
                           value=""
                           type="text" name="tag" placeholder="Tag"/>
                </div>
                <div class="form-group">
                    <div class="input-group">
                        <div class="custom-file">
                            <input class="custom-file-input" id="customFile" type="file" name="file"/>
                            <label class="custom-file-label" for="customFile">Choose file</label>
                        </div>
                    </div>
                </div>
                <div class="form-group">
                    <button class="btn btn-primary mr-2" type="submit">Save message</button>
                    <button class="btn btn-outline-secondary" type="reset">Clear</button>
                </div>
            </form>
        </div>
    </div>



    <div class="mt-3 container">
        <div class="row">
            <ul class="pagination col justify-content-center">
                <li class="page-item disabled">
                    <a class="page-link" href="#" tabindex="-1">Pages</a>
                </li>
                        <li class="page-item active">
                            <a class="page-link" href="#" tabindex="-1">1</a>
                        </li>
            </ul>
            <ul class="pagination col justify-content-center">
                <li class="page-item disabled">
                    <a class="page-link" href="#" tabindex="-1">Elements per page</a>
                </li>
                        <li class="page-item">
                            <a class="page-link" href="/main?page=0&size=5" tabindex="-1">5</a>
                        </li>
                        <li class="page-item active">
                            <a class="page-link" href="#" tabindex="-1">10</a>
                        </li>
                        <li class="page-item">
                            <a class="page-link" href="/main?page=0&size=25" tabindex="-1">25</a>
                        </li>
                        <li class="page-item">
                            <a class="page-link" href="/main?page=0&size=50" tabindex="-1">50</a>
                        </li>
            </ul>
        </div>
    </div>

<div class="card-columns" id="message-list">
            <div class="card my-3" data-id="3">
                <div class="card-img-top text-center">
                </div>
                <div>
                    <div class="m-2">
                        <span>third</span><br/>
                        <i>#1tag</i>
                    </div>
                    <div class="card-footer text-muted container">
                        <div class="row">
                            <a class="col align-self-center" href="/user-messages/1">
                                guest
                            </a>
                            <a class="col align-self-center" href="/messages/3/like">
                                    <i class="far fa-heart"></i>
                                0
                            </a>
                        </div>
                    </div>
                </div>
            </div>
            <div class="card my-3" data-id="1">
                <div class="card-img-top text-center">
                </div>
                <div>
                    <div class="m-2">
                        <span>first</span><br/>
                        <i>#1tag</i>
                    </div>
                    <div class="card-footer text-muted container">
                        <div class="row">
                            <a class="col align-self-center" href="/user-messages/1">
                                guest
                            </a>
                            <a class="col align-self-center" href="/messages/1/like">
                                    <i class="far fa-heart"></i>
                                0
                            </a>
                        </div>
                    </div>
                </div>
            </div>
</div>

    <div class="mt-3 container">
        <div class="row">
            <ul class="pagination col justify-content-center">
                <li class="page-item disabled">
                    <a class="page-link" href="#" tabindex="-1">Pages</a>
                </li>
                        <li class="page-item active">
                            <a class="page-link" href="#" tabindex="-1">1</a>
                        </li>
            </ul>
            <ul class="pagination col justify-content-center">
                <li class="page-item disabled">
                    <a class="page-link" href="#" tabindex="-1">Elements per page</a>
                </li>
                        <li class="page-item">
                            <a class="page-link" href="/main?page=0&size=5" tabindex="-1">5</a>
                        </li>
                        <li class="page-item active">
                            <a class="page-link" href="#" tabindex="-1">10</a>
                        </li>
                        <li class="page-item">
                            <a class="page-link" href="/main?page=0&size=25" tabindex="-1">25</a>
                        </li>
                        <li class="page-item">
                            <a class="page-link" href="/main?page=0&size=50" tabindex="-1">50</a>
                        </li>
            </ul>
        </div>
    </div>
    </div>
<script src="https://stackpath.bootstrapcdn.com/bootstrap/4.1.3/js/bootstrap.min.js" integrity="sha384-ChfqqxuZUCnJSK3+MXmPNIyE6ZbWh2IMqE241rYiqJxyMiZ6OW/JmZQ5stwEULTy" crossorigin="anonymous"></script>
</body>
<script  defer="defer" src="https://www.google.com/recaptcha/api.js" async="async"></script>

</html>

    Forwarded URL = null
   Redirected URL = null
          Cookies = [[MockCookie@2c6f6e71 name = 'SESSION', value = 'NDU0MGE1OTktOTFiMS00ZTU2LWI1MzMtYWQ1YzE3NjNiZmE5', comment = [null], domain = [null], maxAge = -1, path = '/', secure = false, version = 0, httpOnly = true]]

MockHttpServletRequest:
      HTTP Method = GET
      Request URI = /main
       Parameters = {filter=[1tag]}
          Headers = []
             Body = null
    Session Attrs = {SPRING_SECURITY_CONTEXT=org.springframework.security.core.context.SecurityContextImpl@1ab1b7e3: Authentication: org.springframework.security.authentication.UsernamePasswordAuthenticationToken@1ab1b7e3: Principal: com.project.domain.User@21; Credentials: [PROTECTED]; Authenticated: true; Details: null; Granted Authorities: USER}

Handler:
             Type = com.project.controller.MainController
           Method = com.project.controller.MainController#main(String, Model, Pageable, User)

Async:
    Async started = false
     Async result = null

Resolved Exception:
             Type = null

ModelAndView:
        View name = main
             View = null
        Attribute = filter
            value = 1tag
        Attribute = page
            value = Page 1 of 1 containing com.project.domain.dto.MessageDto instances
           errors = []
        Attribute = url
            value = /main

FlashMap:
       Attributes = null

MockHttpServletResponse:
           Status = 200
    Error message = null
          Headers = [Turbolinks-Location:"/main?", Content-Language:"en", Content-Type:"text/html;charset=UTF-8", X-Content-Type-Options:"nosniff", X-XSS-Protection:"1; mode=block", Cache-Control:"no-cache, no-store, max-age=0, must-revalidate", Pragma:"no-cache", Expires:"0", X-Frame-Options:"DENY", Set-Cookie:"SESSION=NDU0MGE1OTktOTFiMS00ZTU2LWI1MzMtYWQ1YzE3NjNiZmE5; Path=/; HttpOnly; SameSite=Lax"]
     Content type = text/html;charset=UTF-8
             Body = <!DOCTYPE html>
<html xmlns="http://www.w3.org/1999/xhtml">
<head>
    <meta charset="UTF-8"/>
    <title>:)</title>

    <meta name="viewport" content="width=device-width, initial-scale=1, shrink-to-fit=no"/>
    <!-- Bootstrap CSS -->
    <link rel="stylesheet" href="https://stackpath.bootstrapcdn.com/bootstrap/4.1.3/css/bootstrap.min.css" integrity="sha384-MCw98/SFnGE8fJT3GXwEOngsV7Zt27NXFoaoApmYm81iuXoPkFOJwJ8ERdknLPMO" crossorigin="anonymous"/>
    <link rel="stylesheet" type="text/css" href="/static/styles.css"/>
    <script src="https://kit.fontawesome.com/6a1a309e0d.js" crossorigin="anonymous"></script>
    <script src="https://cdnjs.cloudflare.com/ajax/libs/turbolinks/5.2.0/turbolinks.js" integrity="sha512-G3jAqT2eM4MMkLMyQR5YBhvN5/Da3IG6kqgYqU9zlIH4+2a+GuMdLb5Kpxy6ItMdCfgaKlo2XFhI0dHtMJjoRw==" crossorigin="anonymous"></script>


    <script  defer="defer" src="https://code.jquery.com/jquery-3.3.1.slim.min.js" integrity="sha384-q8i/X+965DzO0rT7abK41JStQIAqVgRVzpbzo5smXKp4YfRvH+8abtTE1Pi6jizo" crossorigin="anonymous"></script>
    <script  defer="defer" src="https://cdnjs.cloudflare.com/ajax/libs/popper.js/1.14.3/umd/popper.min.js" integrity="sha384-ZMP7rVo3mIykV+2+9J3UJ46jBk0WLaUAdn689aCwoqbBJiSnjAK/l8WvCWPIPm49" crossorigin="anonymous"></script>

</head>
<body>
<nav class="navbar navbar-expand-lg navbar-light bg-light">
    <div class="navbar-brand">Tawee</div>
    <button class="navbar-toggler" type="button" data-toggle="collapse" data-target="#navbarSupportedContent" aria-controls="navbarSupportedContent" aria-expanded="false" aria-label="Toggle navigation">
        <span class="navbar-toggler-icon"></span>
    </button>

    <div class="collapse navbar-collapse" id="navbarSupportedContent">
        <ul class="navbar-nav mr-auto">
            <li class="nav-item">
                <a class="nav-link" href="/">Home</a>
            </li>
            <li class="nav-item">
                <a class="nav-link" href="/main">Messages</a>
            </li>
                <li class="nav-item">
                    <a class="nav-link" href="/user/profile">Profile</a>
                </li>
                <li class="nav-item">
                    <a class="nav-link" href="/user-messages/2">My messages</a>
                </li>
        </ul>
    <form action="/logout" method="post">
        <input type="hidden" name="_csrf" value="e67f21de-b9c2-4580-9c09-2ceafe886cbb"/>
        <button class="btn btn-primary mr-3" type="submit">Sign out</button>
    </form>
        <div class="navbar-text">test</div>
    </div>
</nav>    <div class="container mt-5">
    <div class="form-row">
        <div class="form-group col-md-6">
            <form class="form-inline" method="get" action="/main">
                <label>
                    <input class="form-control" type="text" name="filter" placeholder="Search by tag" value="1tag"/>
                </label>
                <button class="btn btn-outline-primary ml-3" type="submit">Search</button>
            </form>
        </div>
    </div>

    <a class="btn btn-primary" data-toggle="collapse" href="#collapseExample" role="button" aria-expanded="false" aria-controls="collapseExample">
        Message editor
    </a>
    <div class="collapse " id="collapseExample">
        <div class="form-group mt-3">
            <form method="post" enctype="multipart/form-data" >
                <input type="hidden" name="_csrf" value="e67f21de-b9c2-4580-9c09-2ceafe886cbb"/>
                <input type="hidden" name="id" value="-1"/>
                <div class="form-group">
                    <input class="form-control "
                           value=""
                           type="text" name="text" placeholder="Write your message"/>
                </div>
                <div class="form-group">
                    <input class="form-control "
                           value=""
                           type="text" name="tag" placeholder="Tag"/>
                </div>
                <div class="form-group">
                    <div class="input-group">
                        <div class="custom-file">
                            <input class="custom-file-input" id="customFile" type="file" name="file"/>
                            <label class="custom-file-label" for="customFile">Choose file</label>
                        </div>
                    </div>
                </div>
                <div class="form-group">
                    <button class="btn btn-primary mr-2" type="submit">Save message</button>
                    <button class="btn btn-outline-secondary" type="reset">Clear</button>
                </div>
            </form>
        </div>
    </div>



    <div class="mt-3 container">
        <div class="row">
            <ul class="pagination col justify-content-center">
                <li class="page-item disabled">
                    <a class="page-link" href="#" tabindex="-1">Pages</a>
                </li>
                        <li class="page-item active">
                            <a class="page-link" href="#" tabindex="-1">1</a>
                        </li>
            </ul>
            <ul class="pagination col justify-content-center">
                <li class="page-item disabled">
                    <a class="page-link" href="#" tabindex="-1">Elements per page</a>
                </li>
                        <li class="page-item">
                            <a class="page-link" href="/main?page=0&size=5" tabindex="-1">5</a>
                        </li>
                        <li class="page-item active">
                            <a class="page-link" href="#" tabindex="-1">10</a>
                        </li>
                        <li class="page-item">
                            <a class="page-link" href="/main?page=0&size=25" tabindex="-1">25</a>
                        </li>
                        <li class="page-item">
                            <a class="page-link" href="/main?page=0&size=50" tabindex="-1">50</a>
                        </li>
            </ul>
        </div>
    </div>

<div class="card-columns" id="message-list">
            <div class="card my-3" data-id="3">
                <div class="card-img-top text-center">
                </div>
                <div>
                    <div class="m-2">
                        <span>third</span><br/>
                        <i>#1tag</i>
                    </div>
                    <div class="card-footer text-muted container">
                        <div class="row">
                            <a class="col align-self-center" href="/user-messages/1">
                                guest
                            </a>
                            <a class="col align-self-center" href="/messages/3/like">
                                    <i class="far fa-heart"></i>
                                0
                            </a>
                        </div>
                    </div>
                </div>
            </div>
            <div class="card my-3" data-id="1">
                <div class="card-img-top text-center">
                </div>
                <div>
                    <div class="m-2">
                        <span>first</span><br/>
                        <i>#1tag</i>
                    </div>
                    <div class="card-footer text-muted container">
                        <div class="row">
                            <a class="col align-self-center" href="/user-messages/1">
                                guest
                            </a>
                            <a class="col align-self-center" href="/messages/1/like">
                                    <i class="far fa-heart"></i>
                                0
                            </a>
                        </div>
                    </div>
                </div>
            </div>
</div>

    <div class="mt-3 container">
        <div class="row">
            <ul class="pagination col justify-content-center">
                <li class="page-item disabled">
                    <a class="page-link" href="#" tabindex="-1">Pages</a>
                </li>
                        <li class="page-item active">
                            <a class="page-link" href="#" tabindex="-1">1</a>
                        </li>
            </ul>
            <ul class="pagination col justify-content-center">
                <li class="page-item disabled">
                    <a class="page-link" href="#" tabindex="-1">Elements per page</a>
                </li>
                        <li class="page-item">
                            <a class="page-link" href="/main?page=0&size=5" tabindex="-1">5</a>
                        </li>
                        <li class="page-item active">
                            <a class="page-link" href="#" tabindex="-1">10</a>
                        </li>
                        <li class="page-item">
                            <a class="page-link" href="/main?page=0&size=25" tabindex="-1">25</a>
                        </li>
                        <li class="page-item">
                            <a class="page-link" href="/main?page=0&size=50" tabindex="-1">50</a>
                        </li>
            </ul>
        </div>
    </div>
    </div>
<script src="https://stackpath.bootstrapcdn.com/bootstrap/4.1.3/js/bootstrap.min.js" integrity="sha384-ChfqqxuZUCnJSK3+MXmPNIyE6ZbWh2IMqE241rYiqJxyMiZ6OW/JmZQ5stwEULTy" crossorigin="anonymous"></script>
</body>
<script  defer="defer" src="https://www.google.com/recaptcha/api.js" async="async"></script>

</html>

    Forwarded URL = null
   Redirected URL = null
          Cookies = [[MockCookie@2c6f6e71 name = 'SESSION', value = 'NDU0MGE1OTktOTFiMS00ZTU2LWI1MzMtYWQ1YzE3NjNiZmE5', comment = [null], domain = [null], maxAge = -1, path = '/', secure = false, version = 0, httpOnly = true]]
]]></system-out>
    <system-err><![CDATA[[Fatal Error] :110:73: The reference to entity "size" must end with the ';' delimiter.
]]></system-err>
  </testcase>
  <testcase name="mainPageTest" classname="com.project.MainControllerTest" time="0.247">
    <error message="The reference to entity &quot;size&quot; must end with the &apos;;&apos; delimiter." type="org.xml.sax.SAXParseException">org.xml.sax.SAXParseException: The reference to entity "size" must end with the ';' delimiter.
	at com.project.MainControllerTest.mainPageTest(MainControllerTest.java:42)
</error>
    <system-out><![CDATA[
MockHttpServletRequest:
      HTTP Method = GET
      Request URI = /main
       Parameters = {}
          Headers = []
             Body = null
    Session Attrs = {SPRING_SECURITY_CONTEXT=org.springframework.security.core.context.SecurityContextImpl@1ab1b7e3: Authentication: org.springframework.security.authentication.UsernamePasswordAuthenticationToken@1ab1b7e3: Principal: com.project.domain.User@21; Credentials: [PROTECTED]; Authenticated: true; Details: null; Granted Authorities: USER}

Handler:
             Type = com.project.controller.MainController
           Method = com.project.controller.MainController#main(String, Model, Pageable, User)

Async:
    Async started = false
     Async result = null

Resolved Exception:
             Type = null

ModelAndView:
        View name = main
             View = null
        Attribute = page
            value = Page 1 of 1 containing com.project.domain.dto.MessageDto instances
           errors = []
        Attribute = url
            value = /main

FlashMap:
       Attributes = null

MockHttpServletResponse:
           Status = 200
    Error message = null
          Headers = [Turbolinks-Location:"/main?", Content-Language:"en", Content-Type:"text/html;charset=UTF-8", X-Content-Type-Options:"nosniff", X-XSS-Protection:"1; mode=block", Cache-Control:"no-cache, no-store, max-age=0, must-revalidate", Pragma:"no-cache", Expires:"0", X-Frame-Options:"DENY", Set-Cookie:"SESSION=MDg3YjQ4YzQtNDlmYy00M2I1LTlmOTYtOTBmZDA4NGVjNTUx; Path=/; HttpOnly; SameSite=Lax"]
     Content type = text/html;charset=UTF-8
             Body = <!DOCTYPE html>
<html xmlns="http://www.w3.org/1999/xhtml">
<head>
    <meta charset="UTF-8"/>
    <title>:)</title>

    <meta name="viewport" content="width=device-width, initial-scale=1, shrink-to-fit=no"/>
    <!-- Bootstrap CSS -->
    <link rel="stylesheet" href="https://stackpath.bootstrapcdn.com/bootstrap/4.1.3/css/bootstrap.min.css" integrity="sha384-MCw98/SFnGE8fJT3GXwEOngsV7Zt27NXFoaoApmYm81iuXoPkFOJwJ8ERdknLPMO" crossorigin="anonymous"/>
    <link rel="stylesheet" type="text/css" href="/static/styles.css"/>
    <script src="https://kit.fontawesome.com/6a1a309e0d.js" crossorigin="anonymous"></script>
    <script src="https://cdnjs.cloudflare.com/ajax/libs/turbolinks/5.2.0/turbolinks.js" integrity="sha512-G3jAqT2eM4MMkLMyQR5YBhvN5/Da3IG6kqgYqU9zlIH4+2a+GuMdLb5Kpxy6ItMdCfgaKlo2XFhI0dHtMJjoRw==" crossorigin="anonymous"></script>


    <script  defer="defer" src="https://code.jquery.com/jquery-3.3.1.slim.min.js" integrity="sha384-q8i/X+965DzO0rT7abK41JStQIAqVgRVzpbzo5smXKp4YfRvH+8abtTE1Pi6jizo" crossorigin="anonymous"></script>
    <script  defer="defer" src="https://cdnjs.cloudflare.com/ajax/libs/popper.js/1.14.3/umd/popper.min.js" integrity="sha384-ZMP7rVo3mIykV+2+9J3UJ46jBk0WLaUAdn689aCwoqbBJiSnjAK/l8WvCWPIPm49" crossorigin="anonymous"></script>

</head>
<body>
<nav class="navbar navbar-expand-lg navbar-light bg-light">
    <div class="navbar-brand">Tawee</div>
    <button class="navbar-toggler" type="button" data-toggle="collapse" data-target="#navbarSupportedContent" aria-controls="navbarSupportedContent" aria-expanded="false" aria-label="Toggle navigation">
        <span class="navbar-toggler-icon"></span>
    </button>

    <div class="collapse navbar-collapse" id="navbarSupportedContent">
        <ul class="navbar-nav mr-auto">
            <li class="nav-item">
                <a class="nav-link" href="/">Home</a>
            </li>
            <li class="nav-item">
                <a class="nav-link" href="/main">Messages</a>
            </li>
                <li class="nav-item">
                    <a class="nav-link" href="/user/profile">Profile</a>
                </li>
                <li class="nav-item">
                    <a class="nav-link" href="/user-messages/2">My messages</a>
                </li>
        </ul>
    <form action="/logout" method="post">
        <input type="hidden" name="_csrf" value="6218290f-2d1b-4340-87d5-30422b564b2c"/>
        <button class="btn btn-primary mr-3" type="submit">Sign out</button>
    </form>
        <div class="navbar-text">test</div>
    </div>
</nav>    <div class="container mt-5">
    <div class="form-row">
        <div class="form-group col-md-6">
            <form class="form-inline" method="get" action="/main">
                <label>
                    <input class="form-control" type="text" name="filter" placeholder="Search by tag" value=""/>
                </label>
                <button class="btn btn-outline-primary ml-3" type="submit">Search</button>
            </form>
        </div>
    </div>

    <a class="btn btn-primary" data-toggle="collapse" href="#collapseExample" role="button" aria-expanded="false" aria-controls="collapseExample">
        Message editor
    </a>
    <div class="collapse " id="collapseExample">
        <div class="form-group mt-3">
            <form method="post" enctype="multipart/form-data" >
                <input type="hidden" name="_csrf" value="6218290f-2d1b-4340-87d5-30422b564b2c"/>
                <input type="hidden" name="id" value="-1"/>
                <div class="form-group">
                    <input class="form-control "
                           value=""
                           type="text" name="text" placeholder="Write your message"/>
                </div>
                <div class="form-group">
                    <input class="form-control "
                           value=""
                           type="text" name="tag" placeholder="Tag"/>
                </div>
                <div class="form-group">
                    <div class="input-group">
                        <div class="custom-file">
                            <input class="custom-file-input" id="customFile" type="file" name="file"/>
                            <label class="custom-file-label" for="customFile">Choose file</label>
                        </div>
                    </div>
                </div>
                <div class="form-group">
                    <button class="btn btn-primary mr-2" type="submit">Save message</button>
                    <button class="btn btn-outline-secondary" type="reset">Clear</button>
                </div>
            </form>
        </div>
    </div>



    <div class="mt-3 container">
        <div class="row">
            <ul class="pagination col justify-content-center">
                <li class="page-item disabled">
                    <a class="page-link" href="#" tabindex="-1">Pages</a>
                </li>
                        <li class="page-item active">
                            <a class="page-link" href="#" tabindex="-1">1</a>
                        </li>
            </ul>
            <ul class="pagination col justify-content-center">
                <li class="page-item disabled">
                    <a class="page-link" href="#" tabindex="-1">Elements per page</a>
                </li>
                        <li class="page-item">
                            <a class="page-link" href="/main?page=0&size=5" tabindex="-1">5</a>
                        </li>
                        <li class="page-item active">
                            <a class="page-link" href="#" tabindex="-1">10</a>
                        </li>
                        <li class="page-item">
                            <a class="page-link" href="/main?page=0&size=25" tabindex="-1">25</a>
                        </li>
                        <li class="page-item">
                            <a class="page-link" href="/main?page=0&size=50" tabindex="-1">50</a>
                        </li>
            </ul>
        </div>
    </div>

<div class="card-columns" id="message-list">
            <div class="card my-3" data-id="4">
                <div class="card-img-top text-center">
                </div>
                <div>
                    <div class="m-2">
                        <span>fourth</span><br/>
                        <i>#3tag</i>
                    </div>
                    <div class="card-footer text-muted container">
                        <div class="row">
                            <a class="col align-self-center" href="/user-messages/1">
                                guest
                            </a>
                            <a class="col align-self-center" href="/messages/4/like">
                                    <i class="far fa-heart"></i>
                                0
                            </a>
                        </div>
                    </div>
                </div>
            </div>
            <div class="card my-3" data-id="3">
                <div class="card-img-top text-center">
                </div>
                <div>
                    <div class="m-2">
                        <span>third</span><br/>
                        <i>#1tag</i>
                    </div>
                    <div class="card-footer text-muted container">
                        <div class="row">
                            <a class="col align-self-center" href="/user-messages/1">
                                guest
                            </a>
                            <a class="col align-self-center" href="/messages/3/like">
                                    <i class="far fa-heart"></i>
                                0
                            </a>
                        </div>
                    </div>
                </div>
            </div>
            <div class="card my-3" data-id="2">
                <div class="card-img-top text-center">
                </div>
                <div>
                    <div class="m-2">
                        <span>second</span><br/>
                        <i>#2tag</i>
                    </div>
                    <div class="card-footer text-muted container">
                        <div class="row">
                            <a class="col align-self-center" href="/user-messages/1">
                                guest
                            </a>
                            <a class="col align-self-center" href="/messages/2/like">
                                    <i class="far fa-heart"></i>
                                0
                            </a>
                        </div>
                    </div>
                </div>
            </div>
            <div class="card my-3" data-id="1">
                <div class="card-img-top text-center">
                </div>
                <div>
                    <div class="m-2">
                        <span>first</span><br/>
                        <i>#1tag</i>
                    </div>
                    <div class="card-footer text-muted container">
                        <div class="row">
                            <a class="col align-self-center" href="/user-messages/1">
                                guest
                            </a>
                            <a class="col align-self-center" href="/messages/1/like">
                                    <i class="far fa-heart"></i>
                                0
                            </a>
                        </div>
                    </div>
                </div>
            </div>
</div>

    <div class="mt-3 container">
        <div class="row">
            <ul class="pagination col justify-content-center">
                <li class="page-item disabled">
                    <a class="page-link" href="#" tabindex="-1">Pages</a>
                </li>
                        <li class="page-item active">
                            <a class="page-link" href="#" tabindex="-1">1</a>
                        </li>
            </ul>
            <ul class="pagination col justify-content-center">
                <li class="page-item disabled">
                    <a class="page-link" href="#" tabindex="-1">Elements per page</a>
                </li>
                        <li class="page-item">
                            <a class="page-link" href="/main?page=0&size=5" tabindex="-1">5</a>
                        </li>
                        <li class="page-item active">
                            <a class="page-link" href="#" tabindex="-1">10</a>
                        </li>
                        <li class="page-item">
                            <a class="page-link" href="/main?page=0&size=25" tabindex="-1">25</a>
                        </li>
                        <li class="page-item">
                            <a class="page-link" href="/main?page=0&size=50" tabindex="-1">50</a>
                        </li>
            </ul>
        </div>
    </div>
    </div>
<script src="https://stackpath.bootstrapcdn.com/bootstrap/4.1.3/js/bootstrap.min.js" integrity="sha384-ChfqqxuZUCnJSK3+MXmPNIyE6ZbWh2IMqE241rYiqJxyMiZ6OW/JmZQ5stwEULTy" crossorigin="anonymous"></script>
</body>
<script  defer="defer" src="https://www.google.com/recaptcha/api.js" async="async"></script>

</html>

    Forwarded URL = null
   Redirected URL = null
          Cookies = [[MockCookie@717f199 name = 'SESSION', value = 'MDg3YjQ4YzQtNDlmYy00M2I1LTlmOTYtOTBmZDA4NGVjNTUx', comment = [null], domain = [null], maxAge = -1, path = '/', secure = false, version = 0, httpOnly = true]]

MockHttpServletRequest:
      HTTP Method = GET
      Request URI = /main
       Parameters = {}
          Headers = []
             Body = null
    Session Attrs = {SPRING_SECURITY_CONTEXT=org.springframework.security.core.context.SecurityContextImpl@1ab1b7e3: Authentication: org.springframework.security.authentication.UsernamePasswordAuthenticationToken@1ab1b7e3: Principal: com.project.domain.User@21; Credentials: [PROTECTED]; Authenticated: true; Details: null; Granted Authorities: USER}

Handler:
             Type = com.project.controller.MainController
           Method = com.project.controller.MainController#main(String, Model, Pageable, User)

Async:
    Async started = false
     Async result = null

Resolved Exception:
             Type = null

ModelAndView:
        View name = main
             View = null
        Attribute = page
            value = Page 1 of 1 containing com.project.domain.dto.MessageDto instances
           errors = []
        Attribute = url
            value = /main

FlashMap:
       Attributes = null

MockHttpServletResponse:
           Status = 200
    Error message = null
          Headers = [Turbolinks-Location:"/main?", Content-Language:"en", Content-Type:"text/html;charset=UTF-8", X-Content-Type-Options:"nosniff", X-XSS-Protection:"1; mode=block", Cache-Control:"no-cache, no-store, max-age=0, must-revalidate", Pragma:"no-cache", Expires:"0", X-Frame-Options:"DENY", Set-Cookie:"SESSION=MDg3YjQ4YzQtNDlmYy00M2I1LTlmOTYtOTBmZDA4NGVjNTUx; Path=/; HttpOnly; SameSite=Lax"]
     Content type = text/html;charset=UTF-8
             Body = <!DOCTYPE html>
<html xmlns="http://www.w3.org/1999/xhtml">
<head>
    <meta charset="UTF-8"/>
    <title>:)</title>

    <meta name="viewport" content="width=device-width, initial-scale=1, shrink-to-fit=no"/>
    <!-- Bootstrap CSS -->
    <link rel="stylesheet" href="https://stackpath.bootstrapcdn.com/bootstrap/4.1.3/css/bootstrap.min.css" integrity="sha384-MCw98/SFnGE8fJT3GXwEOngsV7Zt27NXFoaoApmYm81iuXoPkFOJwJ8ERdknLPMO" crossorigin="anonymous"/>
    <link rel="stylesheet" type="text/css" href="/static/styles.css"/>
    <script src="https://kit.fontawesome.com/6a1a309e0d.js" crossorigin="anonymous"></script>
    <script src="https://cdnjs.cloudflare.com/ajax/libs/turbolinks/5.2.0/turbolinks.js" integrity="sha512-G3jAqT2eM4MMkLMyQR5YBhvN5/Da3IG6kqgYqU9zlIH4+2a+GuMdLb5Kpxy6ItMdCfgaKlo2XFhI0dHtMJjoRw==" crossorigin="anonymous"></script>


    <script  defer="defer" src="https://code.jquery.com/jquery-3.3.1.slim.min.js" integrity="sha384-q8i/X+965DzO0rT7abK41JStQIAqVgRVzpbzo5smXKp4YfRvH+8abtTE1Pi6jizo" crossorigin="anonymous"></script>
    <script  defer="defer" src="https://cdnjs.cloudflare.com/ajax/libs/popper.js/1.14.3/umd/popper.min.js" integrity="sha384-ZMP7rVo3mIykV+2+9J3UJ46jBk0WLaUAdn689aCwoqbBJiSnjAK/l8WvCWPIPm49" crossorigin="anonymous"></script>

</head>
<body>
<nav class="navbar navbar-expand-lg navbar-light bg-light">
    <div class="navbar-brand">Tawee</div>
    <button class="navbar-toggler" type="button" data-toggle="collapse" data-target="#navbarSupportedContent" aria-controls="navbarSupportedContent" aria-expanded="false" aria-label="Toggle navigation">
        <span class="navbar-toggler-icon"></span>
    </button>

    <div class="collapse navbar-collapse" id="navbarSupportedContent">
        <ul class="navbar-nav mr-auto">
            <li class="nav-item">
                <a class="nav-link" href="/">Home</a>
            </li>
            <li class="nav-item">
                <a class="nav-link" href="/main">Messages</a>
            </li>
                <li class="nav-item">
                    <a class="nav-link" href="/user/profile">Profile</a>
                </li>
                <li class="nav-item">
                    <a class="nav-link" href="/user-messages/2">My messages</a>
                </li>
        </ul>
    <form action="/logout" method="post">
        <input type="hidden" name="_csrf" value="6218290f-2d1b-4340-87d5-30422b564b2c"/>
        <button class="btn btn-primary mr-3" type="submit">Sign out</button>
    </form>
        <div class="navbar-text">test</div>
    </div>
</nav>    <div class="container mt-5">
    <div class="form-row">
        <div class="form-group col-md-6">
            <form class="form-inline" method="get" action="/main">
                <label>
                    <input class="form-control" type="text" name="filter" placeholder="Search by tag" value=""/>
                </label>
                <button class="btn btn-outline-primary ml-3" type="submit">Search</button>
            </form>
        </div>
    </div>

    <a class="btn btn-primary" data-toggle="collapse" href="#collapseExample" role="button" aria-expanded="false" aria-controls="collapseExample">
        Message editor
    </a>
    <div class="collapse " id="collapseExample">
        <div class="form-group mt-3">
            <form method="post" enctype="multipart/form-data" >
                <input type="hidden" name="_csrf" value="6218290f-2d1b-4340-87d5-30422b564b2c"/>
                <input type="hidden" name="id" value="-1"/>
                <div class="form-group">
                    <input class="form-control "
                           value=""
                           type="text" name="text" placeholder="Write your message"/>
                </div>
                <div class="form-group">
                    <input class="form-control "
                           value=""
                           type="text" name="tag" placeholder="Tag"/>
                </div>
                <div class="form-group">
                    <div class="input-group">
                        <div class="custom-file">
                            <input class="custom-file-input" id="customFile" type="file" name="file"/>
                            <label class="custom-file-label" for="customFile">Choose file</label>
                        </div>
                    </div>
                </div>
                <div class="form-group">
                    <button class="btn btn-primary mr-2" type="submit">Save message</button>
                    <button class="btn btn-outline-secondary" type="reset">Clear</button>
                </div>
            </form>
        </div>
    </div>



    <div class="mt-3 container">
        <div class="row">
            <ul class="pagination col justify-content-center">
                <li class="page-item disabled">
                    <a class="page-link" href="#" tabindex="-1">Pages</a>
                </li>
                        <li class="page-item active">
                            <a class="page-link" href="#" tabindex="-1">1</a>
                        </li>
            </ul>
            <ul class="pagination col justify-content-center">
                <li class="page-item disabled">
                    <a class="page-link" href="#" tabindex="-1">Elements per page</a>
                </li>
                        <li class="page-item">
                            <a class="page-link" href="/main?page=0&size=5" tabindex="-1">5</a>
                        </li>
                        <li class="page-item active">
                            <a class="page-link" href="#" tabindex="-1">10</a>
                        </li>
                        <li class="page-item">
                            <a class="page-link" href="/main?page=0&size=25" tabindex="-1">25</a>
                        </li>
                        <li class="page-item">
                            <a class="page-link" href="/main?page=0&size=50" tabindex="-1">50</a>
                        </li>
            </ul>
        </div>
    </div>

<div class="card-columns" id="message-list">
            <div class="card my-3" data-id="4">
                <div class="card-img-top text-center">
                </div>
                <div>
                    <div class="m-2">
                        <span>fourth</span><br/>
                        <i>#3tag</i>
                    </div>
                    <div class="card-footer text-muted container">
                        <div class="row">
                            <a class="col align-self-center" href="/user-messages/1">
                                guest
                            </a>
                            <a class="col align-self-center" href="/messages/4/like">
                                    <i class="far fa-heart"></i>
                                0
                            </a>
                        </div>
                    </div>
                </div>
            </div>
            <div class="card my-3" data-id="3">
                <div class="card-img-top text-center">
                </div>
                <div>
                    <div class="m-2">
                        <span>third</span><br/>
                        <i>#1tag</i>
                    </div>
                    <div class="card-footer text-muted container">
                        <div class="row">
                            <a class="col align-self-center" href="/user-messages/1">
                                guest
                            </a>
                            <a class="col align-self-center" href="/messages/3/like">
                                    <i class="far fa-heart"></i>
                                0
                            </a>
                        </div>
                    </div>
                </div>
            </div>
            <div class="card my-3" data-id="2">
                <div class="card-img-top text-center">
                </div>
                <div>
                    <div class="m-2">
                        <span>second</span><br/>
                        <i>#2tag</i>
                    </div>
                    <div class="card-footer text-muted container">
                        <div class="row">
                            <a class="col align-self-center" href="/user-messages/1">
                                guest
                            </a>
                            <a class="col align-self-center" href="/messages/2/like">
                                    <i class="far fa-heart"></i>
                                0
                            </a>
                        </div>
                    </div>
                </div>
            </div>
            <div class="card my-3" data-id="1">
                <div class="card-img-top text-center">
                </div>
                <div>
                    <div class="m-2">
                        <span>first</span><br/>
                        <i>#1tag</i>
                    </div>
                    <div class="card-footer text-muted container">
                        <div class="row">
                            <a class="col align-self-center" href="/user-messages/1">
                                guest
                            </a>
                            <a class="col align-self-center" href="/messages/1/like">
                                    <i class="far fa-heart"></i>
                                0
                            </a>
                        </div>
                    </div>
                </div>
            </div>
</div>

    <div class="mt-3 container">
        <div class="row">
            <ul class="pagination col justify-content-center">
                <li class="page-item disabled">
                    <a class="page-link" href="#" tabindex="-1">Pages</a>
                </li>
                        <li class="page-item active">
                            <a class="page-link" href="#" tabindex="-1">1</a>
                        </li>
            </ul>
            <ul class="pagination col justify-content-center">
                <li class="page-item disabled">
                    <a class="page-link" href="#" tabindex="-1">Elements per page</a>
                </li>
                        <li class="page-item">
                            <a class="page-link" href="/main?page=0&size=5" tabindex="-1">5</a>
                        </li>
                        <li class="page-item active">
                            <a class="page-link" href="#" tabindex="-1">10</a>
                        </li>
                        <li class="page-item">
                            <a class="page-link" href="/main?page=0&size=25" tabindex="-1">25</a>
                        </li>
                        <li class="page-item">
                            <a class="page-link" href="/main?page=0&size=50" tabindex="-1">50</a>
                        </li>
            </ul>
        </div>
    </div>
    </div>
<script src="https://stackpath.bootstrapcdn.com/bootstrap/4.1.3/js/bootstrap.min.js" integrity="sha384-ChfqqxuZUCnJSK3+MXmPNIyE6ZbWh2IMqE241rYiqJxyMiZ6OW/JmZQ5stwEULTy" crossorigin="anonymous"></script>
</body>
<script  defer="defer" src="https://www.google.com/recaptcha/api.js" async="async"></script>

</html>

    Forwarded URL = null
   Redirected URL = null
          Cookies = [[MockCookie@717f199 name = 'SESSION', value = 'MDg3YjQ4YzQtNDlmYy00M2I1LTlmOTYtOTBmZDA4NGVjNTUx', comment = [null], domain = [null], maxAge = -1, path = '/', secure = false, version = 0, httpOnly = true]]
]]></system-out>
    <system-err><![CDATA[[Fatal Error] :110:73: The reference to entity "size" must end with the ';' delimiter.
]]></system-err>
  </testcase>
  <testcase name="addMessageToListTest" classname="com.project.MainControllerTest" time="0.018">
    <error message="Premature end of file." type="org.xml.sax.SAXParseException">org.xml.sax.SAXParseException: Premature end of file.
	at com.project.MainControllerTest.addMessageToListTest(MainControllerTest.java:74)
</error>
    <system-out><![CDATA[
MockHttpServletRequest:
      HTTP Method = POST
      Request URI = /main
       Parameters = {text=[fifth], tag=[new one], _csrf=[406f63c0-25bc-4344-8128-07524e7d17be]}
          Headers = [Content-Type:"multipart/form-data;charset=UTF-8"]
             Body = null
    Session Attrs = {SPRING_SECURITY_CONTEXT=org.springframework.security.core.context.SecurityContextImpl@1ab1b7e3: Authentication: org.springframework.security.authentication.UsernamePasswordAuthenticationToken@1ab1b7e3: Principal: com.project.domain.User@21; Credentials: [PROTECTED]; Authenticated: true; Details: null; Granted Authorities: USER}

Handler:
             Type = com.project.controller.MainController
           Method = com.project.controller.MainController#add(User, MultipartFile, Message, BindingResult, String, Pageable, Model)

Async:
    Async started = false
     Async result = null

Resolved Exception:
             Type = null

ModelAndView:
        View name = redirect:/main
             View = null
            Model = null

FlashMap:
       Attributes = null

MockHttpServletResponse:
           Status = 302
    Error message = null
          Headers = [Turbolinks-Location:"/main?", Content-Language:"en", X-Content-Type-Options:"nosniff", X-XSS-Protection:"1; mode=block", Cache-Control:"no-cache, no-store, max-age=0, must-revalidate", Pragma:"no-cache", Expires:"0", X-Frame-Options:"DENY", Set-Cookie:"SESSION=ZmJiOTNhZTYtMzI1ZS00ZDg2LTlhN2ItNTJhZTRiYzYzYzVi; Path=/; HttpOnly; SameSite=Lax", Location:"/main"]
     Content type = null
             Body = 
    Forwarded URL = null
   Redirected URL = /main
          Cookies = [[MockCookie@5c4e8f65 name = 'SESSION', value = 'ZmJiOTNhZTYtMzI1ZS00ZDg2LTlhN2ItNTJhZTRiYzYzYzVi', comment = [null], domain = [null], maxAge = -1, path = '/', secure = false, version = 0, httpOnly = true]]

MockHttpServletRequest:
      HTTP Method = POST
      Request URI = /main
       Parameters = {text=[fifth], tag=[new one], _csrf=[406f63c0-25bc-4344-8128-07524e7d17be]}
          Headers = [Content-Type:"multipart/form-data;charset=UTF-8"]
             Body = null
    Session Attrs = {SPRING_SECURITY_CONTEXT=org.springframework.security.core.context.SecurityContextImpl@1ab1b7e3: Authentication: org.springframework.security.authentication.UsernamePasswordAuthenticationToken@1ab1b7e3: Principal: com.project.domain.User@21; Credentials: [PROTECTED]; Authenticated: true; Details: null; Granted Authorities: USER}

Handler:
             Type = com.project.controller.MainController
           Method = com.project.controller.MainController#add(User, MultipartFile, Message, BindingResult, String, Pageable, Model)

Async:
    Async started = false
     Async result = null

Resolved Exception:
             Type = null

ModelAndView:
        View name = redirect:/main
             View = null
            Model = null

FlashMap:
       Attributes = null

MockHttpServletResponse:
           Status = 302
    Error message = null
          Headers = [Turbolinks-Location:"/main?", Content-Language:"en", X-Content-Type-Options:"nosniff", X-XSS-Protection:"1; mode=block", Cache-Control:"no-cache, no-store, max-age=0, must-revalidate", Pragma:"no-cache", Expires:"0", X-Frame-Options:"DENY", Set-Cookie:"SESSION=ZmJiOTNhZTYtMzI1ZS00ZDg2LTlhN2ItNTJhZTRiYzYzYzVi; Path=/; HttpOnly; SameSite=Lax", Location:"/main"]
     Content type = null
             Body = 
    Forwarded URL = null
   Redirected URL = /main
          Cookies = [[MockCookie@5c4e8f65 name = 'SESSION', value = 'ZmJiOTNhZTYtMzI1ZS00ZDg2LTlhN2ItNTJhZTRiYzYzYzVi', comment = [null], domain = [null], maxAge = -1, path = '/', secure = false, version = 0, httpOnly = true]]
]]></system-out>
    <system-err><![CDATA[[Fatal Error] :1:1: Premature end of file.
]]></system-err>
  </testcase>
  <testcase name="messageListTest" classname="com.project.MainControllerTest" time="0.136">
    <error message="The reference to entity &quot;size&quot; must end with the &apos;;&apos; delimiter." type="org.xml.sax.SAXParseException">org.xml.sax.SAXParseException: The reference to entity "size" must end with the ';' delimiter.
	at com.project.MainControllerTest.messageListTest(MainControllerTest.java:50)
</error>
    <system-out><![CDATA[
MockHttpServletRequest:
      HTTP Method = GET
      Request URI = /main
       Parameters = {}
          Headers = []
             Body = null
    Session Attrs = {SPRING_SECURITY_CONTEXT=org.springframework.security.core.context.SecurityContextImpl@1ab1b7e3: Authentication: org.springframework.security.authentication.UsernamePasswordAuthenticationToken@1ab1b7e3: Principal: com.project.domain.User@21; Credentials: [PROTECTED]; Authenticated: true; Details: null; Granted Authorities: USER}

Handler:
             Type = com.project.controller.MainController
           Method = com.project.controller.MainController#main(String, Model, Pageable, User)

Async:
    Async started = false
     Async result = null

Resolved Exception:
             Type = null

ModelAndView:
        View name = main
             View = null
        Attribute = page
            value = Page 1 of 1 containing com.project.domain.dto.MessageDto instances
           errors = []
        Attribute = url
            value = /main

FlashMap:
       Attributes = null

MockHttpServletResponse:
           Status = 200
    Error message = null
          Headers = [Turbolinks-Location:"/main?", Content-Language:"en", Content-Type:"text/html;charset=UTF-8", X-Content-Type-Options:"nosniff", X-XSS-Protection:"1; mode=block", Cache-Control:"no-cache, no-store, max-age=0, must-revalidate", Pragma:"no-cache", Expires:"0", X-Frame-Options:"DENY", Set-Cookie:"SESSION=NGQ3MzY3MDktYzdiYS00MWNmLTlmMGMtODAyY2FiYWM0ZjI4; Path=/; HttpOnly; SameSite=Lax"]
     Content type = text/html;charset=UTF-8
             Body = <!DOCTYPE html>
<html xmlns="http://www.w3.org/1999/xhtml">
<head>
    <meta charset="UTF-8"/>
    <title>:)</title>

    <meta name="viewport" content="width=device-width, initial-scale=1, shrink-to-fit=no"/>
    <!-- Bootstrap CSS -->
    <link rel="stylesheet" href="https://stackpath.bootstrapcdn.com/bootstrap/4.1.3/css/bootstrap.min.css" integrity="sha384-MCw98/SFnGE8fJT3GXwEOngsV7Zt27NXFoaoApmYm81iuXoPkFOJwJ8ERdknLPMO" crossorigin="anonymous"/>
    <link rel="stylesheet" type="text/css" href="/static/styles.css"/>
    <script src="https://kit.fontawesome.com/6a1a309e0d.js" crossorigin="anonymous"></script>
    <script src="https://cdnjs.cloudflare.com/ajax/libs/turbolinks/5.2.0/turbolinks.js" integrity="sha512-G3jAqT2eM4MMkLMyQR5YBhvN5/Da3IG6kqgYqU9zlIH4+2a+GuMdLb5Kpxy6ItMdCfgaKlo2XFhI0dHtMJjoRw==" crossorigin="anonymous"></script>


    <script  defer="defer" src="https://code.jquery.com/jquery-3.3.1.slim.min.js" integrity="sha384-q8i/X+965DzO0rT7abK41JStQIAqVgRVzpbzo5smXKp4YfRvH+8abtTE1Pi6jizo" crossorigin="anonymous"></script>
    <script  defer="defer" src="https://cdnjs.cloudflare.com/ajax/libs/popper.js/1.14.3/umd/popper.min.js" integrity="sha384-ZMP7rVo3mIykV+2+9J3UJ46jBk0WLaUAdn689aCwoqbBJiSnjAK/l8WvCWPIPm49" crossorigin="anonymous"></script>

</head>
<body>
<nav class="navbar navbar-expand-lg navbar-light bg-light">
    <div class="navbar-brand">Tawee</div>
    <button class="navbar-toggler" type="button" data-toggle="collapse" data-target="#navbarSupportedContent" aria-controls="navbarSupportedContent" aria-expanded="false" aria-label="Toggle navigation">
        <span class="navbar-toggler-icon"></span>
    </button>

    <div class="collapse navbar-collapse" id="navbarSupportedContent">
        <ul class="navbar-nav mr-auto">
            <li class="nav-item">
                <a class="nav-link" href="/">Home</a>
            </li>
            <li class="nav-item">
                <a class="nav-link" href="/main">Messages</a>
            </li>
                <li class="nav-item">
                    <a class="nav-link" href="/user/profile">Profile</a>
                </li>
                <li class="nav-item">
                    <a class="nav-link" href="/user-messages/2">My messages</a>
                </li>
        </ul>
    <form action="/logout" method="post">
        <input type="hidden" name="_csrf" value="06c2acc9-fcf8-471d-97e2-79d4626dde43"/>
        <button class="btn btn-primary mr-3" type="submit">Sign out</button>
    </form>
        <div class="navbar-text">test</div>
    </div>
</nav>    <div class="container mt-5">
    <div class="form-row">
        <div class="form-group col-md-6">
            <form class="form-inline" method="get" action="/main">
                <label>
                    <input class="form-control" type="text" name="filter" placeholder="Search by tag" value=""/>
                </label>
                <button class="btn btn-outline-primary ml-3" type="submit">Search</button>
            </form>
        </div>
    </div>

    <a class="btn btn-primary" data-toggle="collapse" href="#collapseExample" role="button" aria-expanded="false" aria-controls="collapseExample">
        Message editor
    </a>
    <div class="collapse " id="collapseExample">
        <div class="form-group mt-3">
            <form method="post" enctype="multipart/form-data" >
                <input type="hidden" name="_csrf" value="06c2acc9-fcf8-471d-97e2-79d4626dde43"/>
                <input type="hidden" name="id" value="-1"/>
                <div class="form-group">
                    <input class="form-control "
                           value=""
                           type="text" name="text" placeholder="Write your message"/>
                </div>
                <div class="form-group">
                    <input class="form-control "
                           value=""
                           type="text" name="tag" placeholder="Tag"/>
                </div>
                <div class="form-group">
                    <div class="input-group">
                        <div class="custom-file">
                            <input class="custom-file-input" id="customFile" type="file" name="file"/>
                            <label class="custom-file-label" for="customFile">Choose file</label>
                        </div>
                    </div>
                </div>
                <div class="form-group">
                    <button class="btn btn-primary mr-2" type="submit">Save message</button>
                    <button class="btn btn-outline-secondary" type="reset">Clear</button>
                </div>
            </form>
        </div>
    </div>



    <div class="mt-3 container">
        <div class="row">
            <ul class="pagination col justify-content-center">
                <li class="page-item disabled">
                    <a class="page-link" href="#" tabindex="-1">Pages</a>
                </li>
                        <li class="page-item active">
                            <a class="page-link" href="#" tabindex="-1">1</a>
                        </li>
            </ul>
            <ul class="pagination col justify-content-center">
                <li class="page-item disabled">
                    <a class="page-link" href="#" tabindex="-1">Elements per page</a>
                </li>
                        <li class="page-item">
                            <a class="page-link" href="/main?page=0&size=5" tabindex="-1">5</a>
                        </li>
                        <li class="page-item active">
                            <a class="page-link" href="#" tabindex="-1">10</a>
                        </li>
                        <li class="page-item">
                            <a class="page-link" href="/main?page=0&size=25" tabindex="-1">25</a>
                        </li>
                        <li class="page-item">
                            <a class="page-link" href="/main?page=0&size=50" tabindex="-1">50</a>
                        </li>
            </ul>
        </div>
    </div>

<div class="card-columns" id="message-list">
            <div class="card my-3" data-id="4">
                <div class="card-img-top text-center">
                </div>
                <div>
                    <div class="m-2">
                        <span>fourth</span><br/>
                        <i>#3tag</i>
                    </div>
                    <div class="card-footer text-muted container">
                        <div class="row">
                            <a class="col align-self-center" href="/user-messages/1">
                                guest
                            </a>
                            <a class="col align-self-center" href="/messages/4/like">
                                    <i class="far fa-heart"></i>
                                0
                            </a>
                        </div>
                    </div>
                </div>
            </div>
            <div class="card my-3" data-id="3">
                <div class="card-img-top text-center">
                </div>
                <div>
                    <div class="m-2">
                        <span>third</span><br/>
                        <i>#1tag</i>
                    </div>
                    <div class="card-footer text-muted container">
                        <div class="row">
                            <a class="col align-self-center" href="/user-messages/1">
                                guest
                            </a>
                            <a class="col align-self-center" href="/messages/3/like">
                                    <i class="far fa-heart"></i>
                                0
                            </a>
                        </div>
                    </div>
                </div>
            </div>
            <div class="card my-3" data-id="2">
                <div class="card-img-top text-center">
                </div>
                <div>
                    <div class="m-2">
                        <span>second</span><br/>
                        <i>#2tag</i>
                    </div>
                    <div class="card-footer text-muted container">
                        <div class="row">
                            <a class="col align-self-center" href="/user-messages/1">
                                guest
                            </a>
                            <a class="col align-self-center" href="/messages/2/like">
                                    <i class="far fa-heart"></i>
                                0
                            </a>
                        </div>
                    </div>
                </div>
            </div>
            <div class="card my-3" data-id="1">
                <div class="card-img-top text-center">
                </div>
                <div>
                    <div class="m-2">
                        <span>first</span><br/>
                        <i>#1tag</i>
                    </div>
                    <div class="card-footer text-muted container">
                        <div class="row">
                            <a class="col align-self-center" href="/user-messages/1">
                                guest
                            </a>
                            <a class="col align-self-center" href="/messages/1/like">
                                    <i class="far fa-heart"></i>
                                0
                            </a>
                        </div>
                    </div>
                </div>
            </div>
</div>

    <div class="mt-3 container">
        <div class="row">
            <ul class="pagination col justify-content-center">
                <li class="page-item disabled">
                    <a class="page-link" href="#" tabindex="-1">Pages</a>
                </li>
                        <li class="page-item active">
                            <a class="page-link" href="#" tabindex="-1">1</a>
                        </li>
            </ul>
            <ul class="pagination col justify-content-center">
                <li class="page-item disabled">
                    <a class="page-link" href="#" tabindex="-1">Elements per page</a>
                </li>
                        <li class="page-item">
                            <a class="page-link" href="/main?page=0&size=5" tabindex="-1">5</a>
                        </li>
                        <li class="page-item active">
                            <a class="page-link" href="#" tabindex="-1">10</a>
                        </li>
                        <li class="page-item">
                            <a class="page-link" href="/main?page=0&size=25" tabindex="-1">25</a>
                        </li>
                        <li class="page-item">
                            <a class="page-link" href="/main?page=0&size=50" tabindex="-1">50</a>
                        </li>
            </ul>
        </div>
    </div>
    </div>
<script src="https://stackpath.bootstrapcdn.com/bootstrap/4.1.3/js/bootstrap.min.js" integrity="sha384-ChfqqxuZUCnJSK3+MXmPNIyE6ZbWh2IMqE241rYiqJxyMiZ6OW/JmZQ5stwEULTy" crossorigin="anonymous"></script>
</body>
<script  defer="defer" src="https://www.google.com/recaptcha/api.js" async="async"></script>

</html>

    Forwarded URL = null
   Redirected URL = null
          Cookies = [[MockCookie@4b6e529b name = 'SESSION', value = 'NGQ3MzY3MDktYzdiYS00MWNmLTlmMGMtODAyY2FiYWM0ZjI4', comment = [null], domain = [null], maxAge = -1, path = '/', secure = false, version = 0, httpOnly = true]]

MockHttpServletRequest:
      HTTP Method = GET
      Request URI = /main
       Parameters = {}
          Headers = []
             Body = null
    Session Attrs = {SPRING_SECURITY_CONTEXT=org.springframework.security.core.context.SecurityContextImpl@1ab1b7e3: Authentication: org.springframework.security.authentication.UsernamePasswordAuthenticationToken@1ab1b7e3: Principal: com.project.domain.User@21; Credentials: [PROTECTED]; Authenticated: true; Details: null; Granted Authorities: USER}

Handler:
             Type = com.project.controller.MainController
           Method = com.project.controller.MainController#main(String, Model, Pageable, User)

Async:
    Async started = false
     Async result = null

Resolved Exception:
             Type = null

ModelAndView:
        View name = main
             View = null
        Attribute = page
            value = Page 1 of 1 containing com.project.domain.dto.MessageDto instances
           errors = []
        Attribute = url
            value = /main

FlashMap:
       Attributes = null

MockHttpServletResponse:
           Status = 200
    Error message = null
          Headers = [Turbolinks-Location:"/main?", Content-Language:"en", Content-Type:"text/html;charset=UTF-8", X-Content-Type-Options:"nosniff", X-XSS-Protection:"1; mode=block", Cache-Control:"no-cache, no-store, max-age=0, must-revalidate", Pragma:"no-cache", Expires:"0", X-Frame-Options:"DENY", Set-Cookie:"SESSION=NGQ3MzY3MDktYzdiYS00MWNmLTlmMGMtODAyY2FiYWM0ZjI4; Path=/; HttpOnly; SameSite=Lax"]
     Content type = text/html;charset=UTF-8
             Body = <!DOCTYPE html>
<html xmlns="http://www.w3.org/1999/xhtml">
<head>
    <meta charset="UTF-8"/>
    <title>:)</title>

    <meta name="viewport" content="width=device-width, initial-scale=1, shrink-to-fit=no"/>
    <!-- Bootstrap CSS -->
    <link rel="stylesheet" href="https://stackpath.bootstrapcdn.com/bootstrap/4.1.3/css/bootstrap.min.css" integrity="sha384-MCw98/SFnGE8fJT3GXwEOngsV7Zt27NXFoaoApmYm81iuXoPkFOJwJ8ERdknLPMO" crossorigin="anonymous"/>
    <link rel="stylesheet" type="text/css" href="/static/styles.css"/>
    <script src="https://kit.fontawesome.com/6a1a309e0d.js" crossorigin="anonymous"></script>
    <script src="https://cdnjs.cloudflare.com/ajax/libs/turbolinks/5.2.0/turbolinks.js" integrity="sha512-G3jAqT2eM4MMkLMyQR5YBhvN5/Da3IG6kqgYqU9zlIH4+2a+GuMdLb5Kpxy6ItMdCfgaKlo2XFhI0dHtMJjoRw==" crossorigin="anonymous"></script>


    <script  defer="defer" src="https://code.jquery.com/jquery-3.3.1.slim.min.js" integrity="sha384-q8i/X+965DzO0rT7abK41JStQIAqVgRVzpbzo5smXKp4YfRvH+8abtTE1Pi6jizo" crossorigin="anonymous"></script>
    <script  defer="defer" src="https://cdnjs.cloudflare.com/ajax/libs/popper.js/1.14.3/umd/popper.min.js" integrity="sha384-ZMP7rVo3mIykV+2+9J3UJ46jBk0WLaUAdn689aCwoqbBJiSnjAK/l8WvCWPIPm49" crossorigin="anonymous"></script>

</head>
<body>
<nav class="navbar navbar-expand-lg navbar-light bg-light">
    <div class="navbar-brand">Tawee</div>
    <button class="navbar-toggler" type="button" data-toggle="collapse" data-target="#navbarSupportedContent" aria-controls="navbarSupportedContent" aria-expanded="false" aria-label="Toggle navigation">
        <span class="navbar-toggler-icon"></span>
    </button>

    <div class="collapse navbar-collapse" id="navbarSupportedContent">
        <ul class="navbar-nav mr-auto">
            <li class="nav-item">
                <a class="nav-link" href="/">Home</a>
            </li>
            <li class="nav-item">
                <a class="nav-link" href="/main">Messages</a>
            </li>
                <li class="nav-item">
                    <a class="nav-link" href="/user/profile">Profile</a>
                </li>
                <li class="nav-item">
                    <a class="nav-link" href="/user-messages/2">My messages</a>
                </li>
        </ul>
    <form action="/logout" method="post">
        <input type="hidden" name="_csrf" value="06c2acc9-fcf8-471d-97e2-79d4626dde43"/>
        <button class="btn btn-primary mr-3" type="submit">Sign out</button>
    </form>
        <div class="navbar-text">test</div>
    </div>
</nav>    <div class="container mt-5">
    <div class="form-row">
        <div class="form-group col-md-6">
            <form class="form-inline" method="get" action="/main">
                <label>
                    <input class="form-control" type="text" name="filter" placeholder="Search by tag" value=""/>
                </label>
                <button class="btn btn-outline-primary ml-3" type="submit">Search</button>
            </form>
        </div>
    </div>

    <a class="btn btn-primary" data-toggle="collapse" href="#collapseExample" role="button" aria-expanded="false" aria-controls="collapseExample">
        Message editor
    </a>
    <div class="collapse " id="collapseExample">
        <div class="form-group mt-3">
            <form method="post" enctype="multipart/form-data" >
                <input type="hidden" name="_csrf" value="06c2acc9-fcf8-471d-97e2-79d4626dde43"/>
                <input type="hidden" name="id" value="-1"/>
                <div class="form-group">
                    <input class="form-control "
                           value=""
                           type="text" name="text" placeholder="Write your message"/>
                </div>
                <div class="form-group">
                    <input class="form-control "
                           value=""
                           type="text" name="tag" placeholder="Tag"/>
                </div>
                <div class="form-group">
                    <div class="input-group">
                        <div class="custom-file">
                            <input class="custom-file-input" id="customFile" type="file" name="file"/>
                            <label class="custom-file-label" for="customFile">Choose file</label>
                        </div>
                    </div>
                </div>
                <div class="form-group">
                    <button class="btn btn-primary mr-2" type="submit">Save message</button>
                    <button class="btn btn-outline-secondary" type="reset">Clear</button>
                </div>
            </form>
        </div>
    </div>



    <div class="mt-3 container">
        <div class="row">
            <ul class="pagination col justify-content-center">
                <li class="page-item disabled">
                    <a class="page-link" href="#" tabindex="-1">Pages</a>
                </li>
                        <li class="page-item active">
                            <a class="page-link" href="#" tabindex="-1">1</a>
                        </li>
            </ul>
            <ul class="pagination col justify-content-center">
                <li class="page-item disabled">
                    <a class="page-link" href="#" tabindex="-1">Elements per page</a>
                </li>
                        <li class="page-item">
                            <a class="page-link" href="/main?page=0&size=5" tabindex="-1">5</a>
                        </li>
                        <li class="page-item active">
                            <a class="page-link" href="#" tabindex="-1">10</a>
                        </li>
                        <li class="page-item">
                            <a class="page-link" href="/main?page=0&size=25" tabindex="-1">25</a>
                        </li>
                        <li class="page-item">
                            <a class="page-link" href="/main?page=0&size=50" tabindex="-1">50</a>
                        </li>
            </ul>
        </div>
    </div>

<div class="card-columns" id="message-list">
            <div class="card my-3" data-id="4">
                <div class="card-img-top text-center">
                </div>
                <div>
                    <div class="m-2">
                        <span>fourth</span><br/>
                        <i>#3tag</i>
                    </div>
                    <div class="card-footer text-muted container">
                        <div class="row">
                            <a class="col align-self-center" href="/user-messages/1">
                                guest
                            </a>
                            <a class="col align-self-center" href="/messages/4/like">
                                    <i class="far fa-heart"></i>
                                0
                            </a>
                        </div>
                    </div>
                </div>
            </div>
            <div class="card my-3" data-id="3">
                <div class="card-img-top text-center">
                </div>
                <div>
                    <div class="m-2">
                        <span>third</span><br/>
                        <i>#1tag</i>
                    </div>
                    <div class="card-footer text-muted container">
                        <div class="row">
                            <a class="col align-self-center" href="/user-messages/1">
                                guest
                            </a>
                            <a class="col align-self-center" href="/messages/3/like">
                                    <i class="far fa-heart"></i>
                                0
                            </a>
                        </div>
                    </div>
                </div>
            </div>
            <div class="card my-3" data-id="2">
                <div class="card-img-top text-center">
                </div>
                <div>
                    <div class="m-2">
                        <span>second</span><br/>
                        <i>#2tag</i>
                    </div>
                    <div class="card-footer text-muted container">
                        <div class="row">
                            <a class="col align-self-center" href="/user-messages/1">
                                guest
                            </a>
                            <a class="col align-self-center" href="/messages/2/like">
                                    <i class="far fa-heart"></i>
                                0
                            </a>
                        </div>
                    </div>
                </div>
            </div>
            <div class="card my-3" data-id="1">
                <div class="card-img-top text-center">
                </div>
                <div>
                    <div class="m-2">
                        <span>first</span><br/>
                        <i>#1tag</i>
                    </div>
                    <div class="card-footer text-muted container">
                        <div class="row">
                            <a class="col align-self-center" href="/user-messages/1">
                                guest
                            </a>
                            <a class="col align-self-center" href="/messages/1/like">
                                    <i class="far fa-heart"></i>
                                0
                            </a>
                        </div>
                    </div>
                </div>
            </div>
</div>

    <div class="mt-3 container">
        <div class="row">
            <ul class="pagination col justify-content-center">
                <li class="page-item disabled">
                    <a class="page-link" href="#" tabindex="-1">Pages</a>
                </li>
                        <li class="page-item active">
                            <a class="page-link" href="#" tabindex="-1">1</a>
                        </li>
            </ul>
            <ul class="pagination col justify-content-center">
                <li class="page-item disabled">
                    <a class="page-link" href="#" tabindex="-1">Elements per page</a>
                </li>
                        <li class="page-item">
                            <a class="page-link" href="/main?page=0&size=5" tabindex="-1">5</a>
                        </li>
                        <li class="page-item active">
                            <a class="page-link" href="#" tabindex="-1">10</a>
                        </li>
                        <li class="page-item">
                            <a class="page-link" href="/main?page=0&size=25" tabindex="-1">25</a>
                        </li>
                        <li class="page-item">
                            <a class="page-link" href="/main?page=0&size=50" tabindex="-1">50</a>
                        </li>
            </ul>
        </div>
    </div>
    </div>
<script src="https://stackpath.bootstrapcdn.com/bootstrap/4.1.3/js/bootstrap.min.js" integrity="sha384-ChfqqxuZUCnJSK3+MXmPNIyE6ZbWh2IMqE241rYiqJxyMiZ6OW/JmZQ5stwEULTy" crossorigin="anonymous"></script>
</body>
<script  defer="defer" src="https://www.google.com/recaptcha/api.js" async="async"></script>

</html>

    Forwarded URL = null
   Redirected URL = null
          Cookies = [[MockCookie@4b6e529b name = 'SESSION', value = 'NGQ3MzY3MDktYzdiYS00MWNmLTlmMGMtODAyY2FiYWM0ZjI4', comment = [null], domain = [null], maxAge = -1, path = '/', secure = false, version = 0, httpOnly = true]]
]]></system-out>
    <system-err><![CDATA[[Fatal Error] :110:73: The reference to entity "size" must end with the ';' delimiter.
]]></system-err>
  </testcase>
</testsuite>